<?xml version="1.0" encoding="utf-8"?><testsuites name="pytest tests"><testsuite name="pytest" errors="0" failures="0" skipped="0" tests="2" time="1.594" timestamp="2026-07-10T11:44:09.143670+00:00" hostname="agent-env-bfa29075-b970-4b54-b647-e6c0ad578b89"><testcase classname="tests.test_signals_pricing.TestSignalsStarterCheckout" name="test_checkout_signals_starter_creates_stripe_session_at_200" time="1.109" /><testcase classname="tests.test_signals_pricing.TestServicePackages" name="test_get_packages_returns_signals_starter_at_200" time="0.812" /></testsuite></testsuites>